<?xml version="1.0" encoding="UTF-8"?>
<testsuite name="CanvasTest" tests="1" skipped="0" failures="0" errors="0" timestamp="2021-10-24T10:06:35" hostname="Divyas-MacBook-Pro.local" time="0.036">
  <properties/>
  <testcase name="testRectangle" classname="CanvasTest" time="0.036"/>
  <system-out><![CDATA[----------------------
|                    |
|                    |
|                    |
|                    |
----------------------
14,1,18,3
start


14,1,18,1
same y co-ordinates
----------------------
|             xxxxx  |
|                    |
|                    |
|                    |
----------------------

14,3,18,3
same y co-ordinates
----------------------
|             xxxxx  |
|                    |
|             xxxxx  |
|                    |
----------------------

14,1,14,3
----------------------
|             xxxxx  |
|             x      |
|             xxxxx  |
|                    |
----------------------

18,1,18,3
----------------------
|             xxxxx  |
|             x   x  |
|             xxxxx  |
|                    |
----------------------

]]></system-out>
  <system-err><![CDATA[]]></system-err>
</testsuite>
