<?xml version="1.0" encoding="UTF-8"?>
<testsuite name="DrawingTest" tests="2" skipped="0" failures="0" errors="0" timestamp="2021-10-23T14:23:12" hostname="Divyas-MacBook-Pro.local" time="0.05">
  <properties/>
  <testcase name="test3by3Canvas" classname="DrawingTest" time="0.05"/>
  <testcase name="test4By2Canvas" classname="DrawingTest" time="0.0"/>
  <system-out><![CDATA[]]></system-out>
  <system-err><![CDATA[]]></system-err>
</testsuite>
