<?xml version="1.0" encoding="UTF-8"?>
<testsuite name="CanvasTest" tests="2" skipped="0" failures="0" errors="0" timestamp="2021-10-23T15:45:24" hostname="Divyas-MacBook-Pro.local" time="0.087">
  <properties/>
  <testcase name="test3by3Canvas" classname="CanvasTest" time="0.086"/>
  <testcase name="test4By2Canvas" classname="CanvasTest" time="0.0"/>
  <system-out><![CDATA[]]></system-out>
  <system-err><![CDATA[]]></system-err>
</testsuite>
